0 info it worked if it ends with ok
1 verbose cli [ '/usr/bin/node', '/usr/bin/npm', 'run', 'watch' ]
2 info using npm@3.5.2
3 info using node@v8.10.0
4 verbose run-script [ 'prewatch', 'watch', 'postwatch' ]
5 info lifecycle clempire@1.0.0~prewatch: clempire@1.0.0
6 silly lifecycle clempire@1.0.0~prewatch: no script for prewatch, continuing
7 info lifecycle clempire@1.0.0~watch: clempire@1.0.0
8 verbose lifecycle clempire@1.0.0~watch: unsafe-perm in lifecycle true
9 verbose lifecycle clempire@1.0.0~watch: PATH: /usr/share/npm/bin/node-gyp-bin:/home/nikl/Projects/ironhack/clempire/node_modules/.bin:/home/nikl/gems/bin:/usr/local/sbin:/usr/local/bin:/usr/sbin:/usr/bin:/sbin:/bin:/usr/games:/usr/local/games:/snap/bin
10 verbose lifecycle clempire@1.0.0~watch: CWD: /home/nikl/Projects/ironhack/clempire
11 silly lifecycle clempire@1.0.0~watch: Args: [ '-c', 'webpack --watch' ]
12 silly lifecycle clempire@1.0.0~watch: Returned: code: 1  signal: null
13 info lifecycle clempire@1.0.0~watch: Failed to exec watch script
14 verbose stack Error: clempire@1.0.0 watch: `webpack --watch`
14 verbose stack Exit status 1
14 verbose stack     at EventEmitter.<anonymous> (/usr/share/npm/lib/utils/lifecycle.js:232:16)
14 verbose stack     at emitTwo (events.js:126:13)
14 verbose stack     at EventEmitter.emit (events.js:214:7)
14 verbose stack     at ChildProcess.<anonymous> (/usr/share/npm/lib/utils/spawn.js:24:14)
14 verbose stack     at emitTwo (events.js:126:13)
14 verbose stack     at ChildProcess.emit (events.js:214:7)
14 verbose stack     at maybeClose (internal/child_process.js:925:16)
14 verbose stack     at Process.ChildProcess._handle.onexit (internal/child_process.js:209:5)
15 verbose pkgid clempire@1.0.0
16 verbose cwd /home/nikl/Projects/ironhack/clempire
17 error Linux 4.18.0-25-generic
18 error argv "/usr/bin/node" "/usr/bin/npm" "run" "watch"
19 error node v8.10.0
20 error npm  v3.5.2
21 error code ELIFECYCLE
22 error clempire@1.0.0 watch: `webpack --watch`
22 error Exit status 1
23 error Failed at the clempire@1.0.0 watch script 'webpack --watch'.
23 error Make sure you have the latest version of node.js and npm installed.
23 error If you do, this is most likely a problem with the clempire package,
23 error not with npm itself.
23 error Tell the author that this fails on your system:
23 error     webpack --watch
23 error You can get information on how to open an issue for this project with:
23 error     npm bugs clempire
23 error Or if that isn't available, you can get their info via:
23 error     npm owner ls clempire
23 error There is likely additional logging output above.
24 verbose exit [ 1, true ]
